Using pre-set license
Built from '2021.3/staging' branch; Version is '2021.3.15f1 (e8e88683f834) revision 15263878'; Using compiler version '192829333'; Build Type 'Release'
OS: 'Windows 10  (10.0.19044) 64bit Professional' Language: 'zh' Physical Memory: 65461 MB
BatchMode: 1, IsHumanControllingUs: 0, StartBugReporterOnCrash: 0, Is64bit: 1, IsPro: 1

COMMAND LINE ARGUMENTS:
D:\unity\2021.3.15f1\Editor\Unity.exe
-adb2
-batchMode
-noUpm
-name
AssetImportWorker8
-projectPath
D:/GithubFile/Handproject_Git/Journey of Hand
-logFile
Logs/AssetImportWorker8.log
-srvPort
7646
Successfully changed project path to: D:/GithubFile/Handproject_Git/Journey of Hand
D:/GithubFile/Handproject_Git/Journey of Hand
[UnityMemory] Configuration Parameters - Can be set up in boot.config
    "memorysetup-bucket-allocator-granularity=16"
    "memorysetup-bucket-allocator-bucket-count=8"
    "memorysetup-bucket-allocator-block-size=33554432"
    "memorysetup-bucket-allocator-block-count=8"
    "memorysetup-main-allocator-block-size=16777216"
    "memorysetup-thread-allocator-block-size=16777216"
    "memorysetup-gfx-main-allocator-block-size=16777216"
    "memorysetup-gfx-thread-allocator-block-size=16777216"
    "memorysetup-cache-allocator-block-size=4194304"
    "memorysetup-typetree-allocator-block-size=2097152"
    "memorysetup-profiler-bucket-allocator-granularity=16"
    "memorysetup-profiler-bucket-allocator-bucket-count=8"
    "memorysetup-profiler-bucket-allocator-block-size=33554432"
    "memorysetup-profiler-bucket-allocator-block-count=8"
    "memorysetup-profiler-allocator-block-size=16777216"
    "memorysetup-profiler-editor-allocator-block-size=1048576"
    "memorysetup-temp-allocator-size-main=16777216"
    "memorysetup-job-temp-allocator-block-size=2097152"
    "memorysetup-job-temp-allocator-block-size-background=1048576"
    "memorysetup-job-temp-allocator-reduction-small-platforms=262144"
    "memorysetup-temp-allocator-size-background-worker=32768"
    "memorysetup-temp-allocator-size-job-worker=262144"
    "memorysetup-temp-allocator-size-preload-manager=33554432"
    "memorysetup-temp-allocator-size-nav-mesh-worker=65536"
    "memorysetup-temp-allocator-size-audio-worker=65536"
    "memorysetup-temp-allocator-size-cloud-worker=32768"
    "memorysetup-temp-allocator-size-gi-baking-worker=262144"
    "memorysetup-temp-allocator-size-gfx=262144"
Player connection [45560] Host "[IP] 192.168.2.4 [Port] 0 [Flags] 2 [Guid] 748327126 [EditorId] 748327126 [Version] 1048832 [Id] WindowsEditor(7,DESKTOP-2E411UC) [Debug] 1 [PackageName] WindowsEditor [ProjectName] Editor" joined multi-casting on [225.0.0.222:54997]...

Player connection [45560] Host "[IP] 192.168.2.4 [Port] 0 [Flags] 2 [Guid] 748327126 [EditorId] 748327126 [Version] 1048832 [Id] WindowsEditor(7,DESKTOP-2E411UC) [Debug] 1 [PackageName] WindowsEditor [ProjectName] Editor" joined alternative multi-casting on [225.0.0.222:34997]...

Refreshing native plugins compatible for Editor in 79.58 ms, found 3 plugins.
Preloading 0 native plugins for Editor in 0.00 ms.
Initialize engine version: 2021.3.15f1 (e8e88683f834)
[Subsystems] Discovering subsystems at path D:/unity/2021.3.15f1/Editor/Data/Resources/UnitySubsystems
[Subsystems] Discovering subsystems at path D:/GithubFile/Handproject_Git/Journey of Hand/Assets
GfxDevice: creating device client; threaded=0; jobified=0
Direct3D:
    Version:  Direct3D 11.0 [level 11.1]
    Renderer: NVIDIA GeForce GTX 1070 (ID=0x1b81)
    Vendor:   NVIDIA
    VRAM:     8088 MB
    Driver:   31.0.15.1694
Initialize mono
Mono path[0] = 'D:/unity/2021.3.15f1/Editor/Data/Managed'
Mono path[1] = 'D:/unity/2021.3.15f1/Editor/Data/MonoBleedingEdge/lib/mono/unityjit-win32'
Mono config path = 'D:/unity/2021.3.15f1/Editor/Data/MonoBleedingEdge/etc'
Using monoOptions --debugger-agent=transport=dt_socket,embedding=1,server=y,suspend=n,address=127.0.0.1:56584
Begin MonoManager ReloadAssembly
Registering precompiled unity dll's ...
Register platform support module: D:/unity/2021.3.15f1/Editor/Data/PlaybackEngines/AndroidPlayer/UnityEditor.Android.Extensions.dll
Register platform support module: D:/unity/2021.3.15f1/Editor/Data/PlaybackEngines/iOSSupport/UnityEditor.iOS.Extensions.dll
Register platform support module: D:/unity/2021.3.15f1/Editor/Data/PlaybackEngines/WindowsStandaloneSupport/UnityEditor.WindowsStandalone.Extensions.dll
Registered in 0.003115 seconds.
Native extension for WindowsStandalone target not found
[usbmuxd] Start listen thread
[usbmuxd] Listen thread started
Native extension for iOS target not found
Native extension for Android target not found
Refreshing native plugins compatible for Editor in 77.70 ms, found 3 plugins.
Preloading 0 native plugins for Editor in 0.00 ms.
Mono: successfully reloaded assembly
- Completed reload, in  0.655 seconds
Domain Reload Profiling:
	ReloadAssembly (655ms)
		BeginReloadAssembly (138ms)
			ExecutionOrderSort (0ms)
			DisableScriptedObjects (0ms)
			BackupInstance (0ms)
			ReleaseScriptingObjects (0ms)
			CreateAndSetChildDomain (1ms)
		EndReloadAssembly (437ms)
			LoadAssemblies (138ms)
			RebuildTransferFunctionScriptingTraits (0ms)
			SetupTypeCache (88ms)
			ReleaseScriptCaches (0ms)
			RebuildScriptCaches (21ms)
			SetupLoadedEditorAssemblies (289ms)
				LogAssemblyErrors (0ms)
				InitializePlatformSupportModulesInManaged (87ms)
				SetLoadedEditorAssemblies (0ms)
				RefreshPlugins (78ms)
				BeforeProcessingInitializeOnLoad (1ms)
				ProcessInitializeOnLoadAttributes (79ms)
				ProcessInitializeOnLoadMethodAttributes (44ms)
				AfterProcessingInitializeOnLoad (0ms)
				EditorAssembliesLoaded (0ms)
			ExecutionOrderSort2 (0ms)
			AwakeInstancesAfterBackupRestoration (0ms)
Platform modules already initialized, skipping
Registering precompiled user dll's ...
Registered in 0.009119 seconds.
Begin MonoManager ReloadAssembly
Symbol file LoadedFromMemory doesn't match image D:\GithubFile\Handproject_Git\Journey of Hand\Library\PackageCache\com.unity.visualscripting@1.7.8\Editor\VisualScripting.Core\Dependencies\YamlDotNet\Unity.VisualScripting.YamlDotNet.dll
Symbol file LoadedFromMemory doesn't match image D:\GithubFile\Handproject_Git\Journey of Hand\Library\PackageCache\com.unity.visualscripting@1.7.8\Editor\VisualScripting.Core\Dependencies\DotNetZip\Unity.VisualScripting.IonicZip.dll
Native extension for WindowsStandalone target not found
Native extension for iOS target not found
Native extension for Android target not found
Refreshing native plugins compatible for Editor in 74.86 ms, found 3 plugins.
Preloading 0 native plugins for Editor in 0.00 ms.
Error saving file Library/StateCache/LayerSettings/9e/9ecc5c3c162a7aba29bafa64c8b94b7c.json. Error: System.IO.IOException: Sharing violation on path D:\GithubFile\Handproject_Git\Journey of Hand\Library\StateCache\LayerSettings\9e\9ecc5c3c162a7aba29bafa64c8b94b7c.json
  at System.IO.FileStream..ctor (System.String path, System.IO.FileMode mode, System.IO.FileAccess access, System.IO.FileShare share, System.Int32 bufferSize, System.Boolean anonymous, System.IO.FileOptions options) [0x0019e] in <d6232873609549b8a045fa15811a5bd3>:0 
  at System.IO.FileStream..ctor (System.String path, System.IO.FileMode mode, System.IO.FileAccess access, System.IO.FileShare share, System.Int32 bufferSize, System.IO.FileOptions options) [0x00000] in <d6232873609549b8a045fa15811a5bd3>:0 
  at (wrapper remoting-invoke-with-check) System.IO.FileStream..ctor(string,System.IO.FileMode,System.IO.FileAccess,System.IO.FileShare,int,System.IO.FileOptions)
  at System.IO.StreamWriter..ctor (System.String path, System.Boolean append, System.Text.Encoding encoding, System.Int32 bufferSize) [0x00055] in <d6232873609549b8a045fa15811a5bd3>:0 
  at System.IO.StreamWriter..ctor (System.String path, System.Boolean append, System.Text.Encoding encoding) [0x00000] in <d6232873609549b8a045fa15811a5bd3>:0 
  at (wrapper remoting-invoke-with-check) System.IO.StreamWriter..ctor(string,bool,System.Text.Encoding)
  at System.IO.File.WriteAllText (System.String path, System.String contents, System.Text.Encoding encoding) [0x00034] in <d6232873609549b8a045fa15811a5bd3>:0 
  at UnityEditor.StateCache`1[T].SetState (UnityEngine.Hash128 key, T obj) [0x0004b] in <63965ae56af7489797f355b7c1211ab2>:0 
UnityEngine.StackTraceUtility:ExtractStackTrace ()
UnityEngine.DebugLogHandler:LogFormat (UnityEngine.LogType,UnityEngine.Object,string,object[])
UnityEngine.Logger:Log (UnityEngine.LogType,object)
UnityEngine.Debug:LogError (object)
UnityEditor.StateCache`1<UnityEditor.Tools/LayerSettings>:SetState (UnityEngine.Hash128,UnityEditor.Tools/LayerSettings)
UnityEditor.Tools:set_lockedLayers (int)
UnityEditor.Tools:OnEnable ()
UnityEngine.ScriptableObject:CreateInstance (System.Type)
UnityEngine.ScriptableObject:CreateInstance<UnityEditor.Tools> ()
UnityEditor.Tools:get_get ()
UnityEditor.Tools:get_visibleLayers ()
UnityEditor.Animations.Rigging.BoneRendererUtils:.cctor () (at Library/PackageCache/com.unity.animation.rigging@1.1.1/Editor/Utils/BoneRendererUtils.cs:121)
System.Runtime.CompilerServices.RuntimeHelpers:RunClassConstructor (System.RuntimeTypeHandle)
UnityEditor.EditorAssemblies:ProcessInitializeOnLoadAttributes (System.Type[])

(Filename: Library/PackageCache/com.unity.animation.rigging@1.1.1/Editor/Utils/BoneRendererUtils.cs Line: 121)

Mono: successfully reloaded assembly
- Completed reload, in  1.339 seconds
Domain Reload Profiling:
	ReloadAssembly (1339ms)
		BeginReloadAssembly (266ms)
			ExecutionOrderSort (0ms)
			DisableScriptedObjects (5ms)
			BackupInstance (0ms)
			ReleaseScriptingObjects (0ms)
			CreateAndSetChildDomain (124ms)
		EndReloadAssembly (999ms)
			LoadAssemblies (164ms)
			RebuildTransferFunctionScriptingTraits (0ms)
			SetupTypeCache (227ms)
			ReleaseScriptCaches (1ms)
			RebuildScriptCaches (48ms)
			SetupLoadedEditorAssemblies (594ms)
				LogAssemblyErrors (0ms)
				InitializePlatformSupportModulesInManaged (26ms)
				SetLoadedEditorAssemblies (0ms)
				RefreshPlugins (75ms)
				BeforeProcessingInitializeOnLoad (76ms)
				ProcessInitializeOnLoadAttributes (358ms)
				ProcessInitializeOnLoadMethodAttributes (55ms)
				AfterProcessingInitializeOnLoad (3ms)
				EditorAssembliesLoaded (0ms)
			ExecutionOrderSort2 (0ms)
			AwakeInstancesAfterBackupRestoration (13ms)
Platform modules already initialized, skipping
========================================================================
Worker process is ready to serve import requests
database is locked
database is locked
database is locked
Launched and connected shader compiler UnityShaderCompiler.exe after 0.19 seconds
Refreshing native plugins compatible for Editor in 1.95 ms, found 3 plugins.
Preloading 0 native plugins for Editor in 0.00 ms.
Unloading 5324 Unused Serialized files (Serialized files now loaded: 0)
Unloading 47 unused Assets / (0.8 MB). Loaded Objects now: 5780.
Memory consumption went from 215.3 MB to 214.5 MB.
Total: 4.867000 ms (FindLiveObjects: 0.697400 ms CreateObjectMapping: 0.445500 ms MarkObjects: 3.389400 ms  DeleteObjects: 0.333500 ms)

AssetImportParameters requested are different than current active one (requested -> active):
  custom:video-decoder-ogg-theora: a1e56fd34408186e4bbccfd4996cb3dc -> 
  custom:container-muxer-webm: aa71ff27fc2769a1b78a27578f13a17b -> 
  custom:container-demuxer-webm: 4f35f7cbe854078d1ac9338744f61a02 -> 
  custom:video-encoder-webm-vp8: eb34c28f22e8b96e1ab97ce403110664 -> 
  custom:audio-encoder-webm-vorbis: bf7c407c2cedff20999df2af8eb42d56 -> 
  custom:framework-win-MediaFoundation: 216162199b28c13a410421893ffa2e32 -> 
  custom:container-demuxer-ogg: 62fdf1f143b41e24485cea50d1cbac27 -> 
  custom:video-decoder-webm-vp8: 9c59270c3fd7afecdb556c50c9e8de78 -> 
  custom:audio-decoder-ogg-vorbis: bf7c407c2cedff20999df2af8eb42d56 -> 
========================================================================
Received Prepare
Registering precompiled user dll's ...
Registered in 0.007496 seconds.
Begin MonoManager ReloadAssembly
Symbol file LoadedFromMemory doesn't match image D:\GithubFile\Handproject_Git\Journey of Hand\Library\PackageCache\com.unity.visualscripting@1.7.8\Editor\VisualScripting.Core\Dependencies\YamlDotNet\Unity.VisualScripting.YamlDotNet.dll
Symbol file LoadedFromMemory doesn't match image D:\GithubFile\Handproject_Git\Journey of Hand\Library\PackageCache\com.unity.visualscripting@1.7.8\Editor\VisualScripting.Core\Dependencies\DotNetZip\Unity.VisualScripting.IonicZip.dll
Native extension for WindowsStandalone target not found
Native extension for iOS target not found
Native extension for Android target not found
Refreshing native plugins compatible for Editor in 1.04 ms, found 3 plugins.
Preloading 0 native plugins for Editor in 0.00 ms.
Mono: successfully reloaded assembly
- Completed reload, in  1.019 seconds
Domain Reload Profiling:
	ReloadAssembly (1019ms)
		BeginReloadAssembly (135ms)
			ExecutionOrderSort (0ms)
			DisableScriptedObjects (4ms)
			BackupInstance (0ms)
			ReleaseScriptingObjects (0ms)
			CreateAndSetChildDomain (38ms)
		EndReloadAssembly (813ms)
			LoadAssemblies (109ms)
			RebuildTransferFunctionScriptingTraits (0ms)
			SetupTypeCache (200ms)
			ReleaseScriptCaches (2ms)
			RebuildScriptCaches (41ms)
			SetupLoadedEditorAssemblies (439ms)
				LogAssemblyErrors (0ms)
				InitializePlatformSupportModulesInManaged (22ms)
				SetLoadedEditorAssemblies (1ms)
				RefreshPlugins (1ms)
				BeforeProcessingInitializeOnLoad (58ms)
				ProcessInitializeOnLoadAttributes (305ms)
				ProcessInitializeOnLoadMethodAttributes (51ms)
				AfterProcessingInitializeOnLoad (2ms)
				EditorAssembliesLoaded (0ms)
			ExecutionOrderSort2 (0ms)
			AwakeInstancesAfterBackupRestoration (15ms)
Platform modules already initialized, skipping
Refreshing native plugins compatible for Editor in 2.85 ms, found 3 plugins.
Preloading 0 native plugins for Editor in 0.00 ms.
Unloading 5185 Unused Serialized files (Serialized files now loaded: 0)
Unloading 28 unused Assets / (0.8 MB). Loaded Objects now: 5796.
Memory consumption went from 204.9 MB to 204.1 MB.
Total: 4.637300 ms (FindLiveObjects: 0.419200 ms CreateObjectMapping: 0.326700 ms MarkObjects: 3.545000 ms  DeleteObjects: 0.344900 ms)

AssetImportParameters requested are different than current active one (requested -> active):
  custom:video-decoder-ogg-theora: a1e56fd34408186e4bbccfd4996cb3dc -> 
  custom:container-muxer-webm: aa71ff27fc2769a1b78a27578f13a17b -> 
  custom:container-demuxer-webm: 4f35f7cbe854078d1ac9338744f61a02 -> 
  custom:video-encoder-webm-vp8: eb34c28f22e8b96e1ab97ce403110664 -> 
  custom:audio-encoder-webm-vorbis: bf7c407c2cedff20999df2af8eb42d56 -> 
  custom:framework-win-MediaFoundation: 216162199b28c13a410421893ffa2e32 -> 
  custom:container-demuxer-ogg: 62fdf1f143b41e24485cea50d1cbac27 -> 
  custom:video-decoder-webm-vp8: 9c59270c3fd7afecdb556c50c9e8de78 -> 
  custom:audio-decoder-ogg-vorbis: bf7c407c2cedff20999df2af8eb42d56 -> 
========================================================================
Received Prepare
Registering precompiled user dll's ...
Registered in 0.006276 seconds.
Begin MonoManager ReloadAssembly
Symbol file LoadedFromMemory doesn't match image D:\GithubFile\Handproject_Git\Journey of Hand\Library\PackageCache\com.unity.visualscripting@1.7.8\Editor\VisualScripting.Core\Dependencies\YamlDotNet\Unity.VisualScripting.YamlDotNet.dll
Symbol file LoadedFromMemory doesn't match image D:\GithubFile\Handproject_Git\Journey of Hand\Library\PackageCache\com.unity.visualscripting@1.7.8\Editor\VisualScripting.Core\Dependencies\DotNetZip\Unity.VisualScripting.IonicZip.dll
Native extension for WindowsStandalone target not found
Native extension for iOS target not found
Native extension for Android target not found
Refreshing native plugins compatible for Editor in 0.96 ms, found 3 plugins.
Preloading 0 native plugins for Editor in 0.00 ms.
Mono: successfully reloaded assembly
- Completed reload, in  1.068 seconds
Domain Reload Profiling:
	ReloadAssembly (1069ms)
		BeginReloadAssembly (142ms)
			ExecutionOrderSort (0ms)
			DisableScriptedObjects (3ms)
			BackupInstance (0ms)
			ReleaseScriptingObjects (0ms)
			CreateAndSetChildDomain (39ms)
		EndReloadAssembly (858ms)
			LoadAssemblies (116ms)
			RebuildTransferFunctionScriptingTraits (0ms)
			SetupTypeCache (215ms)
			ReleaseScriptCaches (2ms)
			RebuildScriptCaches (39ms)
			SetupLoadedEditorAssemblies (473ms)
				LogAssemblyErrors (0ms)
				InitializePlatformSupportModulesInManaged (23ms)
				SetLoadedEditorAssemblies (0ms)
				RefreshPlugins (1ms)
				BeforeProcessingInitializeOnLoad (60ms)
				ProcessInitializeOnLoadAttributes (332ms)
				ProcessInitializeOnLoadMethodAttributes (55ms)
				AfterProcessingInitializeOnLoad (3ms)
				EditorAssembliesLoaded (0ms)
			ExecutionOrderSort2 (0ms)
			AwakeInstancesAfterBackupRestoration (16ms)
Platform modules already initialized, skipping
Refreshing native plugins compatible for Editor in 2.28 ms, found 3 plugins.
Preloading 0 native plugins for Editor in 0.00 ms.
Unloading 5185 Unused Serialized files (Serialized files now loaded: 0)
Unloading 28 unused Assets / (0.8 MB). Loaded Objects now: 5812.
Memory consumption went from 204.9 MB to 204.2 MB.
Total: 4.201200 ms (FindLiveObjects: 0.388200 ms CreateObjectMapping: 0.316200 ms MarkObjects: 3.133500 ms  DeleteObjects: 0.362600 ms)

AssetImportParameters requested are different than current active one (requested -> active):
  custom:video-decoder-ogg-theora: a1e56fd34408186e4bbccfd4996cb3dc -> 
  custom:container-muxer-webm: aa71ff27fc2769a1b78a27578f13a17b -> 
  custom:container-demuxer-webm: 4f35f7cbe854078d1ac9338744f61a02 -> 
  custom:video-encoder-webm-vp8: eb34c28f22e8b96e1ab97ce403110664 -> 
  custom:audio-encoder-webm-vorbis: bf7c407c2cedff20999df2af8eb42d56 -> 
  custom:framework-win-MediaFoundation: 216162199b28c13a410421893ffa2e32 -> 
  custom:container-demuxer-ogg: 62fdf1f143b41e24485cea50d1cbac27 -> 
  custom:video-decoder-webm-vp8: 9c59270c3fd7afecdb556c50c9e8de78 -> 
  custom:audio-decoder-ogg-vorbis: bf7c407c2cedff20999df2af8eb42d56 -> 
========================================================================
Received Import Request.
  Time since last request: 149061.353824 seconds.
  path: Assets/2D Assets/2dUIuse/project logo1.1.png
  artifactKey: Guid(e1096fc360bb7cf48a21a0b65d1a45af) Importer(815301076,1909f56bfc062723c751e8b465ee728b)
Start importing Assets/2D Assets/2dUIuse/project logo1.1.png using Guid(e1096fc360bb7cf48a21a0b65d1a45af) Importer(815301076,1909f56bfc062723c751e8b465ee728b)  -> (artifact id: 'ca9d2a2d6fb88fc3b856fd16d0616f05') in 0.129249 seconds 
========================================================================
Received Prepare
Registering precompiled user dll's ...
Registered in 0.006203 seconds.
Begin MonoManager ReloadAssembly
Symbol file LoadedFromMemory doesn't match image D:\GithubFile\Handproject_Git\Journey of Hand\Library\PackageCache\com.unity.visualscripting@1.7.8\Editor\VisualScripting.Core\Dependencies\YamlDotNet\Unity.VisualScripting.YamlDotNet.dll
Symbol file LoadedFromMemory doesn't match image D:\GithubFile\Handproject_Git\Journey of Hand\Library\PackageCache\com.unity.visualscripting@1.7.8\Editor\VisualScripting.Core\Dependencies\DotNetZip\Unity.VisualScripting.IonicZip.dll
Native extension for WindowsStandalone target not found
Native extension for iOS target not found
Native extension for Android target not found
Refreshing native plugins compatible for Editor in 0.98 ms, found 3 plugins.
Preloading 0 native plugins for Editor in 0.00 ms.
Mono: successfully reloaded assembly
- Completed reload, in  1.028 seconds
Domain Reload Profiling:
	ReloadAssembly (1029ms)
		BeginReloadAssembly (148ms)
			ExecutionOrderSort (0ms)
			DisableScriptedObjects (4ms)
			BackupInstance (0ms)
			ReleaseScriptingObjects (0ms)
			CreateAndSetChildDomain (47ms)
		EndReloadAssembly (808ms)
			LoadAssemblies (111ms)
			RebuildTransferFunctionScriptingTraits (0ms)
			SetupTypeCache (211ms)
			ReleaseScriptCaches (2ms)
			RebuildScriptCaches (39ms)
			SetupLoadedEditorAssemblies (435ms)
				LogAssemblyErrors (0ms)
				InitializePlatformSupportModulesInManaged (23ms)
				SetLoadedEditorAssemblies (0ms)
				RefreshPlugins (1ms)
				BeforeProcessingInitializeOnLoad (56ms)
				ProcessInitializeOnLoadAttributes (300ms)
				ProcessInitializeOnLoadMethodAttributes (51ms)
				AfterProcessingInitializeOnLoad (2ms)
				EditorAssembliesLoaded (0ms)
			ExecutionOrderSort2 (0ms)
			AwakeInstancesAfterBackupRestoration (15ms)
Platform modules already initialized, skipping
Refreshing native plugins compatible for Editor in 2.15 ms, found 3 plugins.
Preloading 0 native plugins for Editor in 0.00 ms.
Unloading 5185 Unused Serialized files (Serialized files now loaded: 0)
Unloading 28 unused Assets / (0.8 MB). Loaded Objects now: 5833.
Memory consumption went from 209.0 MB to 208.2 MB.
Total: 4.007700 ms (FindLiveObjects: 0.375000 ms CreateObjectMapping: 0.259800 ms MarkObjects: 3.058000 ms  DeleteObjects: 0.314100 ms)

AssetImportParameters requested are different than current active one (requested -> active):
  custom:video-decoder-ogg-theora: a1e56fd34408186e4bbccfd4996cb3dc -> 
  custom:container-muxer-webm: aa71ff27fc2769a1b78a27578f13a17b -> 
  custom:container-demuxer-webm: 4f35f7cbe854078d1ac9338744f61a02 -> 
  custom:video-encoder-webm-vp8: eb34c28f22e8b96e1ab97ce403110664 -> 
  custom:audio-encoder-webm-vorbis: bf7c407c2cedff20999df2af8eb42d56 -> 
  custom:framework-win-MediaFoundation: 216162199b28c13a410421893ffa2e32 -> 
  custom:container-demuxer-ogg: 62fdf1f143b41e24485cea50d1cbac27 -> 
  custom:video-decoder-webm-vp8: 9c59270c3fd7afecdb556c50c9e8de78 -> 
  custom:audio-decoder-ogg-vorbis: bf7c407c2cedff20999df2af8eb42d56 -> 
========================================================================
Received Import Request.
  Time since last request: 177.606669 seconds.
  path: Assets/Readme.asset
  artifactKey: Guid(8105016687592461f977c054a80ce2f2) Importer(815301076,1909f56bfc062723c751e8b465ee728b)
Start importing Assets/Readme.asset using Guid(8105016687592461f977c054a80ce2f2) Importer(815301076,1909f56bfc062723c751e8b465ee728b)  -> (artifact id: '0f2f2b655bf21bdea72856b1c39a4a32') in 0.046388 seconds 
========================================================================
Received Import Request.
  Time since last request: 4.481382 seconds.
  path: Assets/3D Assets
  artifactKey: Guid(bb19a40f5f671af4396ed50f5ea41e05) Importer(815301076,1909f56bfc062723c751e8b465ee728b)
Start importing Assets/3D Assets using Guid(bb19a40f5f671af4396ed50f5ea41e05) Importer(815301076,1909f56bfc062723c751e8b465ee728b)  -> (artifact id: 'cda99a6d3718a3e4c7ef26d5652fed71') in 0.001954 seconds 
========================================================================
Received Import Request.
  Time since last request: 1.340955 seconds.
  path: Assets/Scenes
  artifactKey: Guid(d71ffcd0900f9964eb8adf985b044916) Importer(815301076,1909f56bfc062723c751e8b465ee728b)
Start importing Assets/Scenes using Guid(d71ffcd0900f9964eb8adf985b044916) Importer(815301076,1909f56bfc062723c751e8b465ee728b)  -> (artifact id: '2d9f86a27d873b49851991534b19743f') in 0.002147 seconds 
========================================================================
Received Import Request.
  Time since last request: 2.008664 seconds.
  path: Assets/Scenes/test_1
  artifactKey: Guid(a688de9e20e17d2419645a12adf3d31a) Importer(815301076,1909f56bfc062723c751e8b465ee728b)
Start importing Assets/Scenes/test_1 using Guid(a688de9e20e17d2419645a12adf3d31a) Importer(815301076,1909f56bfc062723c751e8b465ee728b)  -> (artifact id: '5afa9bec794e61ea38639183de445d6e') in 0.002230 seconds 
========================================================================
Received Import Request.
  Time since last request: 0.038110 seconds.
  path: Assets/Scenes/test_1/LightingData.asset
  artifactKey: Guid(6be16debcf73ee549b64350969526c4a) Importer(815301076,1909f56bfc062723c751e8b465ee728b)
Start importing Assets/Scenes/test_1/LightingData.asset using Guid(6be16debcf73ee549b64350969526c4a) Importer(815301076,1909f56bfc062723c751e8b465ee728b)  -> (artifact id: 'e6185551ce078f98f03d2e4e99ac929e') in 0.002903 seconds 
========================================================================
Received Import Request.
  Time since last request: 0.023146 seconds.
  path: Assets/Scenes/test_1/Lightmap-1_comp_dir.png
  artifactKey: Guid(b02c3865147a43147b510971b0af5471) Importer(815301076,1909f56bfc062723c751e8b465ee728b)
Start importing Assets/Scenes/test_1/Lightmap-1_comp_dir.png using Guid(b02c3865147a43147b510971b0af5471) Importer(815301076,1909f56bfc062723c751e8b465ee728b)  -> (artifact id: '7f5b2ec0bae6340448460d3a454553fc') in 0.039475 seconds 
========================================================================
Received Import Request.
  Time since last request: 0.026429 seconds.
  path: Assets/Scenes/test_1/Lightmap-4_comp_dir.png
  artifactKey: Guid(a1104db83ab850f48ba255beb32dbdae) Importer(815301076,1909f56bfc062723c751e8b465ee728b)
Start importing Assets/Scenes/test_1/Lightmap-4_comp_dir.png using Guid(a1104db83ab850f48ba255beb32dbdae) Importer(815301076,1909f56bfc062723c751e8b465ee728b)  -> (artifact id: '751c2fcd641c8c2234e44eb9ceb5161e') in 0.013532 seconds 
========================================================================
Received Import Request.
  Time since last request: 0.015566 seconds.
  path: Assets/Scenes/test_1/Lightmap-6_comp_dir.png
  artifactKey: Guid(50fdd7d3d5c5c6646b70367266c3fa7f) Importer(815301076,1909f56bfc062723c751e8b465ee728b)
Start importing Assets/Scenes/test_1/Lightmap-6_comp_dir.png using Guid(50fdd7d3d5c5c6646b70367266c3fa7f) Importer(815301076,1909f56bfc062723c751e8b465ee728b)  -> (artifact id: '81afb64cf2a816243c8297aa17a4c2ce') in 0.011630 seconds 
========================================================================
Received Import Request.
  Time since last request: 0.000021 seconds.
  path: Assets/Scenes/test_1/Lightmap-7_comp_light.exr
  artifactKey: Guid(ac9efb90446030547bcb3fe16758a52f) Importer(815301076,1909f56bfc062723c751e8b465ee728b)
Start importing Assets/Scenes/test_1/Lightmap-7_comp_light.exr using Guid(ac9efb90446030547bcb3fe16758a52f) Importer(815301076,1909f56bfc062723c751e8b465ee728b)  -> (artifact id: '09002856ca5f5be21c14587f70192315') in 0.051885 seconds 
========================================================================
Received Import Request.
  Time since last request: 0.000026 seconds.
  path: Assets/Scenes/test_1/Lightmap-6_comp_light.exr
  artifactKey: Guid(f68d2d9b77ef3994cabd91eb161093de) Importer(815301076,1909f56bfc062723c751e8b465ee728b)
Start importing Assets/Scenes/test_1/Lightmap-6_comp_light.exr using Guid(f68d2d9b77ef3994cabd91eb161093de) Importer(815301076,1909f56bfc062723c751e8b465ee728b)  -> (artifact id: '0a14d58d6ed473256112df303a04bd00') in 0.019240 seconds 
========================================================================
Received Import Request.
  Time since last request: 0.000026 seconds.
  path: Assets/Scenes/test_1/Lightmap-7_comp_dir.png
  artifactKey: Guid(182c0ac965e5bcf4282ea2e11813582c) Importer(815301076,1909f56bfc062723c751e8b465ee728b)
Start importing Assets/Scenes/test_1/Lightmap-7_comp_dir.png using Guid(182c0ac965e5bcf4282ea2e11813582c) Importer(815301076,1909f56bfc062723c751e8b465ee728b)  -> (artifact id: '2b073580493ea507f3891ce945a357a2') in 0.011495 seconds 
========================================================================
Received Import Request.
  Time since last request: 0.000022 seconds.
  path: Assets/Scenes/test_1/Lightmap-1_comp_light.exr
  artifactKey: Guid(c0ceeec7fa71a614fb346e73cf55788c) Importer(815301076,1909f56bfc062723c751e8b465ee728b)
Start importing Assets/Scenes/test_1/Lightmap-1_comp_light.exr using Guid(c0ceeec7fa71a614fb346e73cf55788c) Importer(815301076,1909f56bfc062723c751e8b465ee728b)  -> (artifact id: 'd60fd792d61d2ad00b4d38e841d093d6') in 0.013019 seconds 
========================================================================
Received Import Request.
  Time since last request: 0.000017 seconds.
  path: Assets/Scenes/test_1/Lightmap-4_comp_light.exr
  artifactKey: Guid(31f7b60ec7a8cc54a96f05446c6ce658) Importer(815301076,1909f56bfc062723c751e8b465ee728b)
Start importing Assets/Scenes/test_1/Lightmap-4_comp_light.exr using Guid(31f7b60ec7a8cc54a96f05446c6ce658) Importer(815301076,1909f56bfc062723c751e8b465ee728b)  -> (artifact id: '602cd16cec5093e413fdc60ce2f95978') in 0.015976 seconds 
========================================================================
Received Import Request.
  Time since last request: 0.000018 seconds.
  path: Assets/Scenes/test_1/Lightmap-5_comp_light.exr
  artifactKey: Guid(19b06e6c9db507e4e9c7859c83f82b7f) Importer(815301076,1909f56bfc062723c751e8b465ee728b)
Start importing Assets/Scenes/test_1/Lightmap-5_comp_light.exr using Guid(19b06e6c9db507e4e9c7859c83f82b7f) Importer(815301076,1909f56bfc062723c751e8b465ee728b)  -> (artifact id: '5426ec748b93145c0d53aac94e423fec') in 0.010710 seconds 
========================================================================
Received Import Request.
  Time since last request: 0.000022 seconds.
  path: Assets/Scenes/test_1/Lightmap-0_comp_light.exr
  artifactKey: Guid(4d8ddcb9521874841a4a23c2b926caf3) Importer(815301076,1909f56bfc062723c751e8b465ee728b)
Start importing Assets/Scenes/test_1/Lightmap-0_comp_light.exr using Guid(4d8ddcb9521874841a4a23c2b926caf3) Importer(815301076,1909f56bfc062723c751e8b465ee728b)  -> (artifact id: '6bc2392a1b62e54393b80c534cf78466') in 0.012480 seconds 
========================================================================
Received Import Request.
  Time since last request: 0.000024 seconds.
  path: Assets/Scenes/test_1/Lightmap-2_comp_light.exr
  artifactKey: Guid(de84a60317b25434e9667ae553d3eff0) Importer(815301076,1909f56bfc062723c751e8b465ee728b)
Start importing Assets/Scenes/test_1/Lightmap-2_comp_light.exr using Guid(de84a60317b25434e9667ae553d3eff0) Importer(815301076,1909f56bfc062723c751e8b465ee728b)  -> (artifact id: '6bf62ae3353f3d57260dff1c925cfc5c') in 0.013027 seconds 
========================================================================
Received Import Request.
  Time since last request: 0.000019 seconds.
  path: Assets/Scenes/test_1/Lightmap-3_comp_light.exr
  artifactKey: Guid(92b34debab9ea7342b0a5f332c7d5e83) Importer(815301076,1909f56bfc062723c751e8b465ee728b)
Start importing Assets/Scenes/test_1/Lightmap-3_comp_light.exr using Guid(92b34debab9ea7342b0a5f332c7d5e83) Importer(815301076,1909f56bfc062723c751e8b465ee728b)  -> (artifact id: 'cca9edf1593755c47b914147b4164d28') in 0.011227 seconds 
Editor requested this worker to shutdown with reason: Scaling down because of idle timeout
AssetImportWorker is now disconnected from the server
Process exiting
Exiting without the bug reporter. Application will terminate with return code 0